<?xml version="1.0" encoding="UTF-8"?>
<!-- Generated by org.testng.reporters.JUnitReportReporter -->
<testsuite hostname="INBook_X1_Pro" failures="0" tests="2" name="ui.test.HomePageTest" time="93.177" errors="0" timestamp="2025-03-25T13:36:12 IST" skipped="0">
  <testcase classname="ui.test.HomePageTest" name="verifyHomePage" time="10.490"/>
  <system-out/>
  <testcase classname="ui.test.HomePageTest" name="verifyHomePageUrl" time="82.687"/>
  <system-out/>
</testsuite> <!-- ui.test.HomePageTest -->
