<?xml version="1.0" encoding="UTF-8"?>
<!-- Generated by org.testng.reporters.JUnitReportReporter -->
<testsuite hostname="INBook_X1_Pro" failures="0" tests="2" name="ui.test.UrlLaunch" time="0.007" errors="0" timestamp="2025-03-22T10:22:38 IST" skipped="0">
  <testcase classname="ui.test.UrlLaunch" name="urlLunch" time="0.005"/>
  <system-out/>
  <testcase classname="ui.test.UrlLaunch" name="aurlfailed" time="0.002"/>
  <system-out/>
</testsuite> <!-- ui.test.UrlLaunch -->
